<?xml version="1.0" encoding="UTF-8"?>
<!-- Generated by org.testng.reporters.JUnitXMLReporter -->
<testsuite ignored="0" hostname="Tushar" failures="1" tests="1" name="Test1" time="5.199" errors="0" timestamp="2022-07-06T12:14:36 IST">
  <testcase classname="assertion._crossbrowser" name="launchUrl" time="5.193">
    <failure type="java.lang.AssertionError" message="The following asserts failed:
	expected [zerodha99999] but found [Kite - Zerodha&amp;apos;s fast and elegant flagship trading platform]">
      <![CDATA[java.lang.AssertionError: The following asserts failed:
expected [zerodha99999] but found [Kite - Zerodha's fast and elegant flagship trading platform]
at assertion._crossbrowser.launchUrl(_crossbrowser.java:53)
at java.base/java.util.ArrayList.forEach(ArrayList.java:1511)
... Removed 29 stack frames]]>
    </failure>
  </testcase> <!-- launchUrl -->
</testsuite> <!-- Test1 -->
